<?xml version="1.0" encoding="UTF-8"?>
<!-- Generated by org.testng.reporters.JUnitReportReporter -->
<testsuite hostname="LAPTOP-KA4KTH0K" failures="0" tests="2" name="tests.Checkbox_test" time="0.914" errors="0" timestamp="2023-08-26T00:07:18 IST" skipped="0">
  <testcase classname="tests.Checkbox_test" name="clickoncheckboxpage" time="0.194"/>
  <testcase classname="tests.Checkbox_test" name="checkallelement" time="0.720"/>
</testsuite> <!-- tests.Checkbox_test -->
