<?xml version="1.0" encoding="UTF-8"?>
<!-- Generated by org.testng.reporters.JUnitReportReporter -->
<testsuite hostname="LAPTOP-KA4KTH0K" failures="0" tests="4" name="tests.Textbox_test" time="1.907" errors="0" timestamp="2023-08-25T23:16:35 IST" skipped="0">
  <testcase classname="tests.Textbox_test" name="clickontextbox" time="0.128"/>
  <testcase classname="tests.Textbox_test" name="clickonfillname" time="0.155"/>
  <testcase classname="tests.Textbox_test" name="fillalldetails" time="1.519"/>
  <testcase classname="tests.Textbox_test" name="submitbutton" time="0.105"/>
</testsuite> <!-- tests.Textbox_test -->
