<?xml version="1.0" encoding="UTF-8"?>
<!-- Generated by org.testng.reporters.JUnitReportReporter -->
<testsuite hostname="LAPTOP-KA4KTH0K" failures="0" tests="1" name="pages.Baselibrary_utility" time="25.180" errors="0" timestamp="2023-08-22T23:13:45 IST" skipped="0">
  <testcase classname="pages.Baselibrary_utility" name="getdata" time="25.180"/>
</testsuite> <!-- pages.Baselibrary_utility -->
